<?xml version="1.0" encoding="UTF-8"?>
<testng-results ignored="0" total="1" passed="1" failed="0" skipped="0">
  <reporter-output>
  </reporter-output>
  <suite started-at="2021-08-18T09:30:09 IST" name="Default suite" finished-at="2021-08-18T09:30:14 IST" duration-ms="5130">
    <groups>
    </groups>
    <test started-at="2021-08-18T09:30:09 IST" name="Default test" finished-at="2021-08-18T09:30:14 IST" duration-ms="5130">
      <class name="Test_POST">
        <test-method signature="test_4_delete()[pri:0, instance:Test_POST@65d6b83b]" started-at="2021-08-18T09:30:09 IST" name="test_4_delete" finished-at="2021-08-18T09:30:14 IST" duration-ms="5053" status="PASS">
          <reporter-output>
          </reporter-output>
        </test-method> <!-- test_4_delete -->
      </class> <!-- Test_POST -->
    </test> <!-- Default test -->
  </suite> <!-- Default suite -->
</testng-results>
